{"E:\\REACT 2025\\react-manager\\src\\App.tsx": {"path":"E:\\REACT 2025\\react-manager\\src\\App.tsx","all":true,"statementMap":{"0":{"start":{"line":1,"column":0},"end":{"line":1,"column":0}},"1":{"start":{"line":2,"column":0},"end":{"line":2,"column":44}},"2":{"start":{"line":3,"column":0},"end":{"line":3,"column":18}},"3":{"start":{"line":4,"column":0},"end":{"line":4,"column":40}},"4":{"start":{"line":5,"column":0},"end":{"line":5,"column":46}},"5":{"start":{"line":6,"column":0},"end":{"line":6,"column":52}},"6":{"start":{"line":7,"column":0},"end":{"line":7,"column":46}},"7":{"start":{"line":8,"column":0},"end":{"line":8,"column":36}},"8":{"start":{"line":9,"column":0},"end":{"line":9,"column":52}},"9":{"start":{"line":10,"column":0},"end":{"line":10,"column":0}},"10":{"start":{"line":11,"column":0},"end":{"line":11,"column":16}},"11":{"start":{"line":12,"column":0},"end":{"line":12,"column":10}},"12":{"start":{"line":13,"column":0},"end":{"line":13,"column":37}},"13":{"start":{"line":14,"column":0},"end":{"line":14,"column":16}},"14":{"start":{"line":15,"column":0},"end":{"line":15,"column":14}},"15":{"start":{"line":16,"column":0},"end":{"line":16,"column":45}},"16":{"start":{"line":17,"column":0},"end":{"line":17,"column":55}},"17":{"start":{"line":18,"column":0},"end":{"line":18,"column":61}},"18":{"start":{"line":19,"column":0},"end":{"line":19,"column":42}},"19":{"start":{"line":20,"column":0},"end":{"line":20,"column":57}},"20":{"start":{"line":21,"column":0},"end":{"line":21,"column":16}},"21":{"start":{"line":22,"column":0},"end":{"line":22,"column":15}},"22":{"start":{"line":23,"column":0},"end":{"line":23,"column":0}},"23":{"start":{"line":24,"column":0},"end":{"line":24,"column":10}},"24":{"start":{"line":25,"column":0},"end":{"line":25,"column":3}},"25":{"start":{"line":26,"column":0},"end":{"line":26,"column":1}},"26":{"start":{"line":27,"column":0},"end":{"line":27,"column":0}},"27":{"start":{"line":28,"column":0},"end":{"line":28,"column":18}}},"s":{"0":0,"1":0,"2":0,"3":0,"4":0,"5":0,"6":0,"7":0,"8":0,"9":0,"10":0,"11":0,"12":0,"13":0,"14":0,"15":0,"16":0,"17":0,"18":0,"19":0,"20":0,"21":0,"22":0,"23":0,"24":0,"25":0,"26":0,"27":0},"branchMap":{"0":{"type":"branch","line":1,"loc":{"start":{"line":1,"column":0},"end":{"line":28,"column":18}},"locations":[{"start":{"line":1,"column":0},"end":{"line":28,"column":18}}]}},"b":{"0":[0]},"fnMap":{"0":{"name":"(empty-report)","decl":{"start":{"line":1,"column":0},"end":{"line":28,"column":18}},"loc":{"start":{"line":1,"column":0},"end":{"line":28,"column":18}},"line":1}},"f":{"0":0}}
,"E:\\REACT 2025\\react-manager\\src\\main.tsx": {"path":"E:\\REACT 2025\\react-manager\\src\\main.tsx","all":true,"statementMap":{"0":{"start":{"line":1,"column":0},"end":{"line":1,"column":34}},"1":{"start":{"line":2,"column":0},"end":{"line":2,"column":45}},"2":{"start":{"line":3,"column":0},"end":{"line":3,"column":20}},"3":{"start":{"line":4,"column":0},"end":{"line":4,"column":27}},"4":{"start":{"line":5,"column":0},"end":{"line":5,"column":44}},"5":{"start":{"line":6,"column":0},"end":{"line":6,"column":62}},"6":{"start":{"line":7,"column":0},"end":{"line":7,"column":0}},"7":{"start":{"line":8,"column":0},"end":{"line":8,"column":0}},"8":{"start":{"line":9,"column":0},"end":{"line":9,"column":52}},"9":{"start":{"line":10,"column":0},"end":{"line":10,"column":14}},"10":{"start":{"line":11,"column":0},"end":{"line":11,"column":19}},"11":{"start":{"line":12,"column":0},"end":{"line":12,"column":27}},"12":{"start":{"line":13,"column":0},"end":{"line":13,"column":15}},"13":{"start":{"line":14,"column":0},"end":{"line":14,"column":28}},"14":{"start":{"line":15,"column":0},"end":{"line":15,"column":20}},"15":{"start":{"line":16,"column":0},"end":{"line":16,"column":16}},"16":{"start":{"line":17,"column":0},"end":{"line":17,"column":1}}},"s":{"0":0,"1":0,"2":0,"3":0,"4":0,"5":0,"6":0,"7":0,"8":0,"9":0,"10":0,"11":0,"12":0,"13":0,"14":0,"15":0,"16":0},"branchMap":{"0":{"type":"branch","line":1,"loc":{"start":{"line":1,"column":0},"end":{"line":17,"column":1}},"locations":[{"start":{"line":1,"column":0},"end":{"line":17,"column":1}}]}},"b":{"0":[0]},"fnMap":{"0":{"name":"(empty-report)","decl":{"start":{"line":1,"column":0},"end":{"line":17,"column":1}},"loc":{"start":{"line":1,"column":0},"end":{"line":17,"column":1}},"line":1}},"f":{"0":0}}
,"E:\\REACT 2025\\react-manager\\src\\actions\\db.ts": {"path":"E:\\REACT 2025\\react-manager\\src\\actions\\db.ts","all":false,"statementMap":{"5":{"start":{"line":6,"column":0},"end":{"line":6,"column":37}},"6":{"start":{"line":7,"column":0},"end":{"line":7,"column":101}},"7":{"start":{"line":8,"column":0},"end":{"line":8,"column":16}},"8":{"start":{"line":9,"column":0},"end":{"line":9,"column":1}},"10":{"start":{"line":11,"column":0},"end":{"line":11,"column":77}},"11":{"start":{"line":12,"column":0},"end":{"line":12,"column":80}},"12":{"start":{"line":13,"column":0},"end":{"line":13,"column":15}},"13":{"start":{"line":14,"column":0},"end":{"line":14,"column":1}},"15":{"start":{"line":16,"column":0},"end":{"line":16,"column":78}},"16":{"start":{"line":17,"column":0},"end":{"line":17,"column":73}},"17":{"start":{"line":18,"column":0},"end":{"line":18,"column":23}},"18":{"start":{"line":19,"column":0},"end":{"line":19,"column":34}},"19":{"start":{"line":20,"column":0},"end":{"line":20,"column":14}},"20":{"start":{"line":21,"column":0},"end":{"line":21,"column":20}},"21":{"start":{"line":22,"column":0},"end":{"line":22,"column":1}},"23":{"start":{"line":24,"column":0},"end":{"line":24,"column":80}},"24":{"start":{"line":25,"column":0},"end":{"line":25,"column":86}},"25":{"start":{"line":26,"column":0},"end":{"line":26,"column":24}},"26":{"start":{"line":27,"column":0},"end":{"line":27,"column":34}},"27":{"start":{"line":28,"column":0},"end":{"line":28,"column":14}},"28":{"start":{"line":29,"column":0},"end":{"line":29,"column":22}},"29":{"start":{"line":30,"column":0},"end":{"line":30,"column":1}},"31":{"start":{"line":32,"column":0},"end":{"line":32,"column":82}},"32":{"start":{"line":33,"column":0},"end":{"line":33,"column":36}},"33":{"start":{"line":34,"column":0},"end":{"line":34,"column":43}},"34":{"start":{"line":35,"column":0},"end":{"line":35,"column":24}},"35":{"start":{"line":36,"column":0},"end":{"line":36,"column":76}},"36":{"start":{"line":37,"column":0},"end":{"line":37,"column":32}},"37":{"start":{"line":38,"column":0},"end":{"line":38,"column":22}},"38":{"start":{"line":39,"column":0},"end":{"line":39,"column":9}},"39":{"start":{"line":40,"column":0},"end":{"line":40,"column":5}},"41":{"start":{"line":42,"column":0},"end":{"line":42,"column":1}},"43":{"start":{"line":44,"column":0},"end":{"line":44,"column":78}},"45":{"start":{"line":46,"column":0},"end":{"line":46,"column":125}},"46":{"start":{"line":47,"column":0},"end":{"line":47,"column":33}},"47":{"start":{"line":48,"column":0},"end":{"line":48,"column":25}},"48":{"start":{"line":49,"column":0},"end":{"line":49,"column":77}},"49":{"start":{"line":50,"column":0},"end":{"line":50,"column":27}},"50":{"start":{"line":51,"column":0},"end":{"line":51,"column":38}},"51":{"start":{"line":52,"column":0},"end":{"line":52,"column":18}},"53":{"start":{"line":54,"column":0},"end":{"line":54,"column":24}},"54":{"start":{"line":55,"column":0},"end":{"line":55,"column":5}},"55":{"start":{"line":56,"column":0},"end":{"line":56,"column":15}},"56":{"start":{"line":57,"column":0},"end":{"line":57,"column":1}},"58":{"start":{"line":59,"column":0},"end":{"line":59,"column":77}},"59":{"start":{"line":60,"column":0},"end":{"line":60,"column":85}},"60":{"start":{"line":61,"column":0},"end":{"line":61,"column":33}},"61":{"start":{"line":62,"column":0},"end":{"line":62,"column":27}},"62":{"start":{"line":63,"column":0},"end":{"line":63,"column":5}},"63":{"start":{"line":64,"column":0},"end":{"line":64,"column":15}},"64":{"start":{"line":65,"column":0},"end":{"line":65,"column":1}},"66":{"start":{"line":67,"column":0},"end":{"line":67,"column":48}},"67":{"start":{"line":68,"column":0},"end":{"line":68,"column":125}},"69":{"start":{"line":70,"column":0},"end":{"line":70,"column":43}},"70":{"start":{"line":71,"column":0},"end":{"line":71,"column":32}},"71":{"start":{"line":72,"column":0},"end":{"line":72,"column":23}},"72":{"start":{"line":73,"column":0},"end":{"line":73,"column":1}}},"s":{"5":1,"6":4,"7":4,"8":4,"10":1,"11":0,"12":0,"13":0,"15":1,"16":1,"17":1,"18":1,"19":1,"20":1,"21":1,"23":1,"24":0,"25":0,"26":0,"27":0,"28":0,"29":0,"31":1,"32":0,"33":0,"34":0,"35":0,"36":0,"37":0,"38":0,"39":0,"41":0,"43":1,"45":6,"46":6,"47":0,"48":0,"49":0,"50":0,"51":0,"53":0,"54":0,"55":6,"56":6,"58":1,"59":0,"60":0,"61":0,"62":0,"63":0,"64":0,"66":1,"67":0,"69":0,"70":0,"71":0,"72":0},"branchMap":{"0":{"type":"branch","line":6,"loc":{"start":{"line":6,"column":24},"end":{"line":9,"column":1}},"locations":[{"start":{"line":6,"column":24},"end":{"line":9,"column":1}}]},"1":{"type":"branch","line":16,"loc":{"start":{"line":16,"column":55},"end":{"line":22,"column":1}},"locations":[{"start":{"line":16,"column":55},"end":{"line":22,"column":1}}]},"2":{"type":"branch","line":44,"loc":{"start":{"line":44,"column":55},"end":{"line":57,"column":1}},"locations":[{"start":{"line":44,"column":55},"end":{"line":57,"column":1}}]},"3":{"type":"branch","line":47,"loc":{"start":{"line":47,"column":32},"end":{"line":55,"column":5}},"locations":[{"start":{"line":47,"column":32},"end":{"line":55,"column":5}}]}},"b":{"0":[4],"1":[1],"2":[6],"3":[0]},"fnMap":{"0":{"name":"getTasks","decl":{"start":{"line":6,"column":24},"end":{"line":9,"column":1}},"loc":{"start":{"line":6,"column":24},"end":{"line":9,"column":1}},"line":6},"1":{"name":"getTask","decl":{"start":{"line":11,"column":54},"end":{"line":14,"column":1}},"loc":{"start":{"line":11,"column":54},"end":{"line":14,"column":1}},"line":11},"2":{"name":"saveTask","decl":{"start":{"line":16,"column":55},"end":{"line":22,"column":1}},"loc":{"start":{"line":16,"column":55},"end":{"line":22,"column":1}},"line":16},"3":{"name":"updateTask","decl":{"start":{"line":24,"column":57},"end":{"line":30,"column":1}},"loc":{"start":{"line":24,"column":57},"end":{"line":30,"column":1}},"line":24},"4":{"name":"deleteTask","decl":{"start":{"line":32,"column":59},"end":{"line":42,"column":1}},"loc":{"start":{"line":32,"column":59},"end":{"line":42,"column":1}},"line":32},"5":{"name":"saveUser","decl":{"start":{"line":44,"column":55},"end":{"line":57,"column":1}},"loc":{"start":{"line":44,"column":55},"end":{"line":57,"column":1}},"line":44},"6":{"name":"getUser","decl":{"start":{"line":59,"column":54},"end":{"line":65,"column":1}},"loc":{"start":{"line":59,"column":54},"end":{"line":65,"column":1}},"line":59},"7":{"name":"loginUser","decl":{"start":{"line":67,"column":25},"end":{"line":73,"column":1}},"loc":{"start":{"line":67,"column":25},"end":{"line":73,"column":1}},"line":67}},"f":{"0":4,"1":0,"2":1,"3":0,"4":0,"5":6,"6":0,"7":0}}
,"E:\\REACT 2025\\react-manager\\src\\actions\\form.ts": {"path":"E:\\REACT 2025\\react-manager\\src\\actions\\form.ts","all":false,"statementMap":{"2":{"start":{"line":3,"column":0},"end":{"line":3,"column":31}},"4":{"start":{"line":5,"column":0},"end":{"line":5,"column":93}},"6":{"start":{"line":7,"column":0},"end":{"line":7,"column":21}},"7":{"start":{"line":8,"column":0},"end":{"line":8,"column":39}},"8":{"start":{"line":9,"column":0},"end":{"line":9,"column":94}},"10":{"start":{"line":11,"column":0},"end":{"line":11,"column":81}},"11":{"start":{"line":12,"column":0},"end":{"line":12,"column":72}},"12":{"start":{"line":13,"column":0},"end":{"line":13,"column":81}},"14":{"start":{"line":15,"column":0},"end":{"line":15,"column":56}},"15":{"start":{"line":16,"column":0},"end":{"line":16,"column":50}},"16":{"start":{"line":17,"column":0},"end":{"line":17,"column":56}},"18":{"start":{"line":19,"column":0},"end":{"line":19,"column":59}},"19":{"start":{"line":20,"column":0},"end":{"line":20,"column":27}},"20":{"start":{"line":21,"column":0},"end":{"line":21,"column":28}},"21":{"start":{"line":22,"column":0},"end":{"line":22,"column":27}},"22":{"start":{"line":23,"column":0},"end":{"line":23,"column":24}},"23":{"start":{"line":24,"column":0},"end":{"line":24,"column":27}},"24":{"start":{"line":25,"column":0},"end":{"line":25,"column":5}},"26":{"start":{"line":27,"column":0},"end":{"line":27,"column":16}},"27":{"start":{"line":28,"column":0},"end":{"line":28,"column":1}}},"s":{"2":1,"4":1,"6":6,"7":6,"8":6,"10":6,"11":6,"12":6,"14":6,"15":6,"16":6,"18":6,"19":6,"20":0,"21":0,"22":0,"23":0,"24":0,"26":6,"27":6},"branchMap":{"0":{"type":"branch","line":5,"loc":{"start":{"line":5,"column":34},"end":{"line":28,"column":1}},"locations":[{"start":{"line":5,"column":34},"end":{"line":28,"column":1}}]},"1":{"type":"branch","line":11,"loc":{"start":{"line":11,"column":35},"end":{"line":11,"column":81}},"locations":[{"start":{"line":11,"column":35},"end":{"line":11,"column":81}}]},"2":{"type":"branch","line":12,"loc":{"start":{"line":12,"column":32},"end":{"line":12,"column":72}},"locations":[{"start":{"line":12,"column":32},"end":{"line":12,"column":72}}]},"3":{"type":"branch","line":13,"loc":{"start":{"line":13,"column":35},"end":{"line":13,"column":81}},"locations":[{"start":{"line":13,"column":35},"end":{"line":13,"column":81}}]},"4":{"type":"branch","line":20,"loc":{"start":{"line":20,"column":26},"end":{"line":25,"column":5}},"locations":[{"start":{"line":20,"column":26},"end":{"line":25,"column":5}}]},"5":{"type":"branch","line":9,"loc":{"start":{"line":9,"column":21},"end":{"line":9,"column":93}},"locations":[{"start":{"line":9,"column":21},"end":{"line":9,"column":93}}]}},"b":{"0":[6],"1":[5],"2":[5],"3":[5],"4":[0],"5":[18]},"fnMap":{"0":{"name":"handleRegisterForm","decl":{"start":{"line":5,"column":34},"end":{"line":28,"column":1}},"loc":{"start":{"line":5,"column":34},"end":{"line":28,"column":1}},"line":5}},"f":{"0":6}}
,"E:\\REACT 2025\\react-manager\\src\\components\\AuthRequired.tsx": {"path":"E:\\REACT 2025\\react-manager\\src\\components\\AuthRequired.tsx","all":true,"statementMap":{"0":{"start":{"line":1,"column":0},"end":{"line":1,"column":0}},"1":{"start":{"line":2,"column":0},"end":{"line":2,"column":34}},"2":{"start":{"line":3,"column":0},"end":{"line":3,"column":52}},"3":{"start":{"line":4,"column":0},"end":{"line":4,"column":47}},"4":{"start":{"line":5,"column":0},"end":{"line":5,"column":0}},"5":{"start":{"line":6,"column":0},"end":{"line":6,"column":28}},"6":{"start":{"line":7,"column":0},"end":{"line":7,"column":47}},"7":{"start":{"line":8,"column":0},"end":{"line":8,"column":90}},"8":{"start":{"line":9,"column":0},"end":{"line":9,"column":1}},"9":{"start":{"line":10,"column":0},"end":{"line":10,"column":0}},"10":{"start":{"line":11,"column":0},"end":{"line":11,"column":27}}},"s":{"0":0,"1":0,"2":0,"3":0,"4":0,"5":0,"6":0,"7":0,"8":0,"9":0,"10":0},"branchMap":{"0":{"type":"branch","line":1,"loc":{"start":{"line":1,"column":0},"end":{"line":11,"column":27}},"locations":[{"start":{"line":1,"column":0},"end":{"line":11,"column":27}}]}},"b":{"0":[0]},"fnMap":{"0":{"name":"(empty-report)","decl":{"start":{"line":1,"column":0},"end":{"line":11,"column":27}},"loc":{"start":{"line":1,"column":0},"end":{"line":11,"column":27}},"line":1}},"f":{"0":0}}
,"E:\\REACT 2025\\react-manager\\src\\components\\Home.tsx": {"path":"E:\\REACT 2025\\react-manager\\src\\components\\Home.tsx","all":true,"statementMap":{"0":{"start":{"line":1,"column":0},"end":{"line":1,"column":25}},"1":{"start":{"line":2,"column":0},"end":{"line":2,"column":0}},"2":{"start":{"line":3,"column":0},"end":{"line":3,"column":20}},"3":{"start":{"line":4,"column":0},"end":{"line":4,"column":12}},"4":{"start":{"line":5,"column":0},"end":{"line":5,"column":23}},"5":{"start":{"line":6,"column":0},"end":{"line":6,"column":5}},"6":{"start":{"line":7,"column":0},"end":{"line":7,"column":1}},"7":{"start":{"line":8,"column":0},"end":{"line":8,"column":0}},"8":{"start":{"line":9,"column":0},"end":{"line":9,"column":19}}},"s":{"0":0,"1":0,"2":0,"3":0,"4":0,"5":0,"6":0,"7":0,"8":0},"branchMap":{"0":{"type":"branch","line":1,"loc":{"start":{"line":1,"column":0},"end":{"line":9,"column":19}},"locations":[{"start":{"line":1,"column":0},"end":{"line":9,"column":19}}]}},"b":{"0":[0]},"fnMap":{"0":{"name":"(empty-report)","decl":{"start":{"line":1,"column":0},"end":{"line":9,"column":19}},"loc":{"start":{"line":1,"column":0},"end":{"line":9,"column":19}},"line":1}},"f":{"0":0}}
,"E:\\REACT 2025\\react-manager\\src\\components\\LoginForm.tsx": {"path":"E:\\REACT 2025\\react-manager\\src\\components\\LoginForm.tsx","all":false,"statementMap":{"0":{"start":{"line":1,"column":0},"end":{"line":1,"column":71}},"3":{"start":{"line":4,"column":0},"end":{"line":4,"column":41}},"4":{"start":{"line":5,"column":0},"end":{"line":5,"column":52}},"6":{"start":{"line":7,"column":0},"end":{"line":7,"column":25}},"7":{"start":{"line":8,"column":0},"end":{"line":8,"column":40}},"8":{"start":{"line":9,"column":0},"end":{"line":9,"column":44}},"9":{"start":{"line":10,"column":0},"end":{"line":10,"column":18}},"10":{"start":{"line":11,"column":0},"end":{"line":11,"column":21}},"11":{"start":{"line":12,"column":0},"end":{"line":12,"column":5}},"12":{"start":{"line":13,"column":0},"end":{"line":13,"column":55}},"13":{"start":{"line":14,"column":0},"end":{"line":14,"column":56}},"14":{"start":{"line":15,"column":0},"end":{"line":15,"column":52}},"17":{"start":{"line":18,"column":0},"end":{"line":18,"column":71}},"18":{"start":{"line":19,"column":0},"end":{"line":19,"column":26}},"19":{"start":{"line":20,"column":0},"end":{"line":20,"column":21}},"29":{"start":{"line":30,"column":0},"end":{"line":30,"column":60}},"30":{"start":{"line":31,"column":0},"end":{"line":31,"column":63}},"31":{"start":{"line":32,"column":0},"end":{"line":32,"column":10}},"32":{"start":{"line":33,"column":0},"end":{"line":33,"column":63}},"33":{"start":{"line":34,"column":0},"end":{"line":34,"column":69}},"34":{"start":{"line":35,"column":0},"end":{"line":35,"column":10}},"35":{"start":{"line":36,"column":0},"end":{"line":36,"column":67}},"38":{"start":{"line":39,"column":0},"end":{"line":39,"column":58}},"39":{"start":{"line":40,"column":0},"end":{"line":40,"column":33}},"40":{"start":{"line":41,"column":0},"end":{"line":41,"column":41}},"41":{"start":{"line":42,"column":0},"end":{"line":42,"column":36}},"42":{"start":{"line":43,"column":0},"end":{"line":43,"column":47}},"43":{"start":{"line":44,"column":0},"end":{"line":44,"column":53}},"44":{"start":{"line":45,"column":0},"end":{"line":45,"column":9}},"47":{"start":{"line":48,"column":0},"end":{"line":48,"column":5}},"48":{"start":{"line":49,"column":0},"end":{"line":49,"column":64}},"49":{"start":{"line":50,"column":0},"end":{"line":50,"column":66}},"51":{"start":{"line":52,"column":0},"end":{"line":52,"column":33}},"52":{"start":{"line":53,"column":0},"end":{"line":53,"column":20}},"53":{"start":{"line":54,"column":0},"end":{"line":54,"column":29}},"54":{"start":{"line":55,"column":0},"end":{"line":55,"column":53}},"55":{"start":{"line":56,"column":0},"end":{"line":56,"column":13}},"56":{"start":{"line":57,"column":0},"end":{"line":57,"column":10}},"57":{"start":{"line":58,"column":0},"end":{"line":58,"column":5}},"59":{"start":{"line":60,"column":0},"end":{"line":60,"column":12}},"60":{"start":{"line":61,"column":0},"end":{"line":61,"column":10}},"61":{"start":{"line":62,"column":0},"end":{"line":62,"column":43}},"63":{"start":{"line":64,"column":0},"end":{"line":64,"column":30}},"64":{"start":{"line":65,"column":0},"end":{"line":65,"column":51}},"66":{"start":{"line":67,"column":0},"end":{"line":67,"column":42}},"67":{"start":{"line":68,"column":0},"end":{"line":68,"column":83}},"68":{"start":{"line":69,"column":0},"end":{"line":69,"column":30}},"69":{"start":{"line":70,"column":0},"end":{"line":70,"column":40}},"70":{"start":{"line":71,"column":0},"end":{"line":71,"column":52}},"71":{"start":{"line":72,"column":0},"end":{"line":72,"column":40}},"72":{"start":{"line":73,"column":0},"end":{"line":73,"column":38}},"73":{"start":{"line":74,"column":0},"end":{"line":74,"column":49}},"74":{"start":{"line":75,"column":0},"end":{"line":75,"column":51}},"75":{"start":{"line":76,"column":0},"end":{"line":76,"column":26}},"76":{"start":{"line":77,"column":0},"end":{"line":77,"column":87}},"77":{"start":{"line":78,"column":0},"end":{"line":78,"column":47}},"78":{"start":{"line":79,"column":0},"end":{"line":79,"column":42}},"79":{"start":{"line":80,"column":0},"end":{"line":80,"column":89}},"80":{"start":{"line":81,"column":0},"end":{"line":81,"column":30}},"81":{"start":{"line":82,"column":0},"end":{"line":82,"column":43}},"82":{"start":{"line":83,"column":0},"end":{"line":83,"column":52}},"83":{"start":{"line":84,"column":0},"end":{"line":84,"column":43}},"84":{"start":{"line":85,"column":0},"end":{"line":85,"column":41}},"85":{"start":{"line":86,"column":0},"end":{"line":86,"column":52}},"86":{"start":{"line":87,"column":0},"end":{"line":87,"column":51}},"87":{"start":{"line":88,"column":0},"end":{"line":88,"column":51}},"88":{"start":{"line":89,"column":0},"end":{"line":89,"column":26}},"89":{"start":{"line":90,"column":0},"end":{"line":90,"column":93}},"91":{"start":{"line":92,"column":0},"end":{"line":92,"column":26}},"92":{"start":{"line":93,"column":0},"end":{"line":93,"column":87}},"93":{"start":{"line":94,"column":0},"end":{"line":94,"column":86}},"94":{"start":{"line":95,"column":0},"end":{"line":95,"column":23}},"95":{"start":{"line":96,"column":0},"end":{"line":96,"column":18}},"96":{"start":{"line":97,"column":0},"end":{"line":97,"column":11}},"99":{"start":{"line":100,"column":0},"end":{"line":100,"column":1}},"101":{"start":{"line":102,"column":0},"end":{"line":102,"column":24}}},"s":{"0":1,"3":1,"4":1,"6":1,"7":27,"8":27,"9":27,"10":27,"11":27,"12":27,"13":27,"14":27,"17":27,"18":2,"19":2,"29":2,"30":2,"31":2,"32":2,"33":2,"34":2,"35":2,"38":0,"39":0,"40":0,"41":0,"42":0,"43":0,"44":0,"47":2,"48":27,"49":21,"51":21,"52":21,"53":21,"54":21,"55":21,"56":21,"57":21,"59":27,"60":27,"61":27,"63":27,"64":27,"66":27,"67":27,"68":27,"69":27,"70":27,"71":27,"72":27,"73":27,"74":27,"75":27,"76":27,"77":27,"78":27,"79":27,"80":27,"81":27,"82":27,"83":27,"84":27,"85":27,"86":27,"87":27,"88":27,"89":27,"91":27,"92":27,"93":27,"94":27,"95":27,"96":27,"99":27,"101":1},"branchMap":{"0":{"type":"branch","line":7,"loc":{"start":{"line":7,"column":18},"end":{"line":100,"column":1}},"locations":[{"start":{"line":7,"column":18},"end":{"line":100,"column":1}}]},"1":{"type":"branch","line":77,"loc":{"start":{"line":77,"column":32},"end":{"line":77,"column":87}},"locations":[{"start":{"line":77,"column":32},"end":{"line":77,"column":87}}]},"2":{"type":"branch","line":90,"loc":{"start":{"line":90,"column":32},"end":{"line":90,"column":93}},"locations":[{"start":{"line":90,"column":32},"end":{"line":90,"column":93}}]},"3":{"type":"branch","line":93,"loc":{"start":{"line":93,"column":21},"end":{"line":93,"column":87}},"locations":[{"start":{"line":93,"column":21},"end":{"line":93,"column":87}}]},"4":{"type":"branch","line":18,"loc":{"start":{"line":18,"column":29},"end":{"line":48,"column":5}},"locations":[{"start":{"line":18,"column":29},"end":{"line":48,"column":5}}]},"5":{"type":"branch","line":36,"loc":{"start":{"line":36,"column":61},"end":{"line":45,"column":9}},"locations":[{"start":{"line":36,"column":61},"end":{"line":45,"column":9}}]},"6":{"type":"branch","line":30,"loc":{"start":{"line":30,"column":44},"end":{"line":32,"column":9}},"locations":[{"start":{"line":30,"column":44},"end":{"line":32,"column":9}}]},"7":{"type":"branch","line":33,"loc":{"start":{"line":33,"column":47},"end":{"line":35,"column":9}},"locations":[{"start":{"line":33,"column":47},"end":{"line":35,"column":9}}]},"8":{"type":"branch","line":49,"loc":{"start":{"line":49,"column":25},"end":{"line":58,"column":5}},"locations":[{"start":{"line":49,"column":25},"end":{"line":58,"column":5}}]},"9":{"type":"branch","line":52,"loc":{"start":{"line":52,"column":19},"end":{"line":57,"column":9}},"locations":[{"start":{"line":52,"column":19},"end":{"line":57,"column":9}}]}},"b":{"0":[27],"1":[2],"2":[2],"3":[0],"4":[2],"5":[0],"6":[2],"7":[2],"8":[21],"9":[21]},"fnMap":{"0":{"name":"LoginForm","decl":{"start":{"line":7,"column":18},"end":{"line":100,"column":1}},"loc":{"start":{"line":7,"column":18},"end":{"line":100,"column":1}},"line":7},"1":{"name":"handleFormAction","decl":{"start":{"line":18,"column":29},"end":{"line":48,"column":5}},"loc":{"start":{"line":18,"column":29},"end":{"line":48,"column":5}},"line":18},"2":{"name":"handleChange","decl":{"start":{"line":49,"column":25},"end":{"line":58,"column":5}},"loc":{"start":{"line":49,"column":25},"end":{"line":58,"column":5}},"line":49}},"f":{"0":27,"1":2,"2":21}}
,"E:\\REACT 2025\\react-manager\\src\\components\\Navbar.tsx": {"path":"E:\\REACT 2025\\react-manager\\src\\components\\Navbar.tsx","all":false,"statementMap":{"0":{"start":{"line":1,"column":0},"end":{"line":1,"column":27}},"1":{"start":{"line":2,"column":0},"end":{"line":2,"column":38}},"2":{"start":{"line":3,"column":0},"end":{"line":3,"column":52}},"4":{"start":{"line":5,"column":0},"end":{"line":5,"column":22}},"5":{"start":{"line":6,"column":0},"end":{"line":6,"column":40}},"6":{"start":{"line":7,"column":0},"end":{"line":7,"column":12}},"8":{"start":{"line":9,"column":0},"end":{"line":9,"column":71}},"9":{"start":{"line":10,"column":0},"end":{"line":10,"column":39}},"10":{"start":{"line":11,"column":0},"end":{"line":11,"column":81}},"11":{"start":{"line":12,"column":0},"end":{"line":12,"column":224}},"12":{"start":{"line":13,"column":0},"end":{"line":13,"column":65}},"13":{"start":{"line":14,"column":0},"end":{"line":14,"column":25}},"14":{"start":{"line":15,"column":0},"end":{"line":15,"column":86}},"15":{"start":{"line":16,"column":0},"end":{"line":16,"column":68}},"16":{"start":{"line":17,"column":0},"end":{"line":17,"column":57}},"17":{"start":{"line":18,"column":0},"end":{"line":18,"column":30}},"18":{"start":{"line":19,"column":0},"end":{"line":19,"column":57}},"19":{"start":{"line":20,"column":0},"end":{"line":20,"column":116}},"20":{"start":{"line":21,"column":0},"end":{"line":21,"column":37}},"21":{"start":{"line":22,"column":0},"end":{"line":22,"column":57}},"22":{"start":{"line":23,"column":0},"end":{"line":23,"column":129}},"23":{"start":{"line":24,"column":0},"end":{"line":24,"column":37}},"24":{"start":{"line":25,"column":0},"end":{"line":25,"column":31}},"26":{"start":{"line":27,"column":0},"end":{"line":27,"column":30}},"27":{"start":{"line":28,"column":0},"end":{"line":28,"column":57}},"28":{"start":{"line":29,"column":0},"end":{"line":29,"column":95}},"29":{"start":{"line":30,"column":0},"end":{"line":30,"column":37}},"30":{"start":{"line":31,"column":0},"end":{"line":31,"column":57}},"31":{"start":{"line":32,"column":0},"end":{"line":32,"column":101}},"32":{"start":{"line":33,"column":0},"end":{"line":33,"column":37}},"33":{"start":{"line":34,"column":0},"end":{"line":34,"column":31}},"40":{"start":{"line":41,"column":0},"end":{"line":41,"column":25}},"41":{"start":{"line":42,"column":0},"end":{"line":42,"column":22}},"42":{"start":{"line":43,"column":0},"end":{"line":43,"column":18}},"43":{"start":{"line":44,"column":0},"end":{"line":44,"column":14}},"45":{"start":{"line":46,"column":0},"end":{"line":46,"column":1}},"47":{"start":{"line":48,"column":0},"end":{"line":48,"column":21}}},"s":{"0":1,"1":1,"2":1,"4":1,"5":11,"6":11,"8":11,"9":11,"10":11,"11":11,"12":11,"13":11,"14":11,"15":11,"16":11,"17":2,"18":2,"19":2,"20":2,"21":2,"22":2,"23":2,"24":2,"26":9,"27":9,"28":9,"29":9,"30":9,"31":9,"32":9,"33":9,"40":11,"41":11,"42":11,"43":11,"45":11,"47":1},"branchMap":{"0":{"type":"branch","line":5,"loc":{"start":{"line":5,"column":15},"end":{"line":46,"column":1}},"locations":[{"start":{"line":5,"column":15},"end":{"line":46,"column":1}}]},"1":{"type":"branch","line":17,"loc":{"start":{"line":17,"column":25},"end":{"line":17,"column":57}},"locations":[{"start":{"line":17,"column":25},"end":{"line":17,"column":57}}]},"2":{"type":"branch","line":17,"loc":{"start":{"line":17,"column":38},"end":{"line":25,"column":31}},"locations":[{"start":{"line":17,"column":38},"end":{"line":25,"column":31}}]},"3":{"type":"branch","line":25,"loc":{"start":{"line":25,"column":28},"end":{"line":34,"column":31}},"locations":[{"start":{"line":25,"column":28},"end":{"line":34,"column":31}}]}},"b":{"0":[11],"1":[4],"2":[2],"3":[9]},"fnMap":{"0":{"name":"Navbar","decl":{"start":{"line":5,"column":15},"end":{"line":46,"column":1}},"loc":{"start":{"line":5,"column":15},"end":{"line":46,"column":1}},"line":5}},"f":{"0":11}}
,"E:\\REACT 2025\\react-manager\\src\\components\\RegisterForm.tsx": {"path":"E:\\REACT 2025\\react-manager\\src\\components\\RegisterForm.tsx","all":false,"statementMap":{"0":{"start":{"line":1,"column":0},"end":{"line":1,"column":38}},"1":{"start":{"line":2,"column":0},"end":{"line":2,"column":52}},"5":{"start":{"line":6,"column":0},"end":{"line":6,"column":28}},"6":{"start":{"line":7,"column":0},"end":{"line":7,"column":47}},"7":{"start":{"line":8,"column":0},"end":{"line":8,"column":21}},"8":{"start":{"line":9,"column":0},"end":{"line":9,"column":18}},"9":{"start":{"line":10,"column":0},"end":{"line":10,"column":21}},"10":{"start":{"line":11,"column":0},"end":{"line":11,"column":19}},"11":{"start":{"line":12,"column":0},"end":{"line":12,"column":22}},"12":{"start":{"line":13,"column":0},"end":{"line":13,"column":5}},"14":{"start":{"line":15,"column":0},"end":{"line":15,"column":89}},"16":{"start":{"line":17,"column":0},"end":{"line":17,"column":12}},"17":{"start":{"line":18,"column":0},"end":{"line":18,"column":39}},"18":{"start":{"line":19,"column":0},"end":{"line":19,"column":29}},"19":{"start":{"line":20,"column":0},"end":{"line":20,"column":38}},"21":{"start":{"line":22,"column":0},"end":{"line":22,"column":38}},"22":{"start":{"line":23,"column":0},"end":{"line":23,"column":85}},"23":{"start":{"line":24,"column":0},"end":{"line":24,"column":26}},"24":{"start":{"line":25,"column":0},"end":{"line":25,"column":35}},"25":{"start":{"line":26,"column":0},"end":{"line":26,"column":48}},"26":{"start":{"line":27,"column":0},"end":{"line":27,"column":39}},"27":{"start":{"line":28,"column":0},"end":{"line":28,"column":37}},"28":{"start":{"line":29,"column":0},"end":{"line":29,"column":53}},"29":{"start":{"line":30,"column":0},"end":{"line":30,"column":22}},"30":{"start":{"line":31,"column":0},"end":{"line":31,"column":102}},"31":{"start":{"line":32,"column":0},"end":{"line":32,"column":22}},"32":{"start":{"line":33,"column":0},"end":{"line":33,"column":38}},"33":{"start":{"line":34,"column":0},"end":{"line":34,"column":79}},"34":{"start":{"line":35,"column":0},"end":{"line":35,"column":26}},"35":{"start":{"line":36,"column":0},"end":{"line":36,"column":36}},"36":{"start":{"line":37,"column":0},"end":{"line":37,"column":48}},"37":{"start":{"line":38,"column":0},"end":{"line":38,"column":36}},"38":{"start":{"line":39,"column":0},"end":{"line":39,"column":34}},"39":{"start":{"line":40,"column":0},"end":{"line":40,"column":50}},"40":{"start":{"line":41,"column":0},"end":{"line":41,"column":22}},"41":{"start":{"line":42,"column":0},"end":{"line":42,"column":96}},"42":{"start":{"line":43,"column":0},"end":{"line":43,"column":22}},"43":{"start":{"line":44,"column":0},"end":{"line":44,"column":38}},"44":{"start":{"line":45,"column":0},"end":{"line":45,"column":85}},"45":{"start":{"line":46,"column":0},"end":{"line":46,"column":26}},"46":{"start":{"line":47,"column":0},"end":{"line":47,"column":39}},"47":{"start":{"line":48,"column":0},"end":{"line":48,"column":48}},"48":{"start":{"line":49,"column":0},"end":{"line":49,"column":39}},"49":{"start":{"line":50,"column":0},"end":{"line":50,"column":37}},"50":{"start":{"line":51,"column":0},"end":{"line":51,"column":53}},"51":{"start":{"line":52,"column":0},"end":{"line":52,"column":47}},"52":{"start":{"line":53,"column":0},"end":{"line":53,"column":22}},"53":{"start":{"line":54,"column":0},"end":{"line":54,"column":102}},"54":{"start":{"line":55,"column":0},"end":{"line":55,"column":22}},"55":{"start":{"line":56,"column":0},"end":{"line":56,"column":96}},"56":{"start":{"line":57,"column":0},"end":{"line":57,"column":129}},"57":{"start":{"line":58,"column":0},"end":{"line":58,"column":19}},"58":{"start":{"line":59,"column":0},"end":{"line":59,"column":14}},"60":{"start":{"line":61,"column":0},"end":{"line":61,"column":1}},"62":{"start":{"line":63,"column":0},"end":{"line":63,"column":27}}},"s":{"0":1,"1":1,"5":1,"6":22,"7":22,"8":22,"9":22,"10":22,"11":22,"12":22,"14":22,"16":22,"17":22,"18":22,"19":22,"21":22,"22":22,"23":22,"24":22,"25":22,"26":22,"27":22,"28":22,"29":22,"30":22,"31":22,"32":22,"33":22,"34":22,"35":22,"36":22,"37":22,"38":22,"39":22,"40":22,"41":22,"42":22,"43":22,"44":22,"45":22,"46":22,"47":22,"48":22,"49":22,"50":22,"51":22,"52":22,"53":22,"54":22,"55":22,"56":22,"57":22,"58":22,"60":22,"62":1},"branchMap":{"0":{"type":"branch","line":6,"loc":{"start":{"line":6,"column":21},"end":{"line":61,"column":1}},"locations":[{"start":{"line":6,"column":21},"end":{"line":61,"column":1}}]},"1":{"type":"branch","line":31,"loc":{"start":{"line":31,"column":34},"end":{"line":31,"column":102}},"locations":[{"start":{"line":31,"column":34},"end":{"line":31,"column":102}}]},"2":{"type":"branch","line":42,"loc":{"start":{"line":42,"column":34},"end":{"line":42,"column":96}},"locations":[{"start":{"line":42,"column":34},"end":{"line":42,"column":96}}]},"3":{"type":"branch","line":54,"loc":{"start":{"line":54,"column":34},"end":{"line":54,"column":102}},"locations":[{"start":{"line":54,"column":34},"end":{"line":54,"column":102}}]},"4":{"type":"branch","line":56,"loc":{"start":{"line":56,"column":23},"end":{"line":56,"column":96}},"locations":[{"start":{"line":56,"column":23},"end":{"line":56,"column":96}}]},"5":{"type":"branch","line":57,"loc":{"start":{"line":57,"column":86},"end":{"line":57,"column":111}},"locations":[{"start":{"line":57,"column":86},"end":{"line":57,"column":111}}]},"6":{"type":"branch","line":57,"loc":{"start":{"line":57,"column":96},"end":{"line":57,"column":120}},"locations":[{"start":{"line":57,"column":96},"end":{"line":57,"column":120}}]}},"b":{"0":[22],"1":[9],"2":[9],"3":[8],"4":[0],"5":[6],"6":[10]},"fnMap":{"0":{"name":"RegisterForm","decl":{"start":{"line":6,"column":21},"end":{"line":61,"column":1}},"loc":{"start":{"line":6,"column":21},"end":{"line":61,"column":1}},"line":6}},"f":{"0":22}}
,"E:\\REACT 2025\\react-manager\\src\\components\\TaskForm.tsx": {"path":"E:\\REACT 2025\\react-manager\\src\\components\\TaskForm.tsx","all":false,"statementMap":{"1":{"start":{"line":2,"column":0},"end":{"line":2,"column":41}},"6":{"start":{"line":7,"column":0},"end":{"line":7,"column":76}},"8":{"start":{"line":9,"column":0},"end":{"line":9,"column":64}},"9":{"start":{"line":10,"column":0},"end":{"line":10,"column":66}},"11":{"start":{"line":12,"column":0},"end":{"line":12,"column":30}},"12":{"start":{"line":13,"column":0},"end":{"line":13,"column":20}},"13":{"start":{"line":14,"column":0},"end":{"line":14,"column":29}},"14":{"start":{"line":15,"column":0},"end":{"line":15,"column":53}},"15":{"start":{"line":16,"column":0},"end":{"line":16,"column":13}},"16":{"start":{"line":17,"column":0},"end":{"line":17,"column":10}},"17":{"start":{"line":18,"column":0},"end":{"line":18,"column":5}},"19":{"start":{"line":20,"column":0},"end":{"line":20,"column":12}},"20":{"start":{"line":21,"column":0},"end":{"line":21,"column":10}},"21":{"start":{"line":22,"column":0},"end":{"line":22,"column":56}},"22":{"start":{"line":23,"column":0},"end":{"line":23,"column":41}},"23":{"start":{"line":24,"column":0},"end":{"line":24,"column":29}},"24":{"start":{"line":25,"column":0},"end":{"line":25,"column":22}},"25":{"start":{"line":26,"column":0},"end":{"line":26,"column":80}},"26":{"start":{"line":27,"column":0},"end":{"line":27,"column":111}},"27":{"start":{"line":28,"column":0},"end":{"line":28,"column":23}},"29":{"start":{"line":30,"column":0},"end":{"line":30,"column":38}},"30":{"start":{"line":31,"column":0},"end":{"line":31,"column":79}},"31":{"start":{"line":32,"column":0},"end":{"line":32,"column":26}},"32":{"start":{"line":33,"column":0},"end":{"line":33,"column":35}},"33":{"start":{"line":34,"column":0},"end":{"line":34,"column":48}},"34":{"start":{"line":35,"column":0},"end":{"line":35,"column":36}},"35":{"start":{"line":36,"column":0},"end":{"line":36,"column":34}},"36":{"start":{"line":37,"column":0},"end":{"line":37,"column":42}},"37":{"start":{"line":38,"column":0},"end":{"line":38,"column":47}},"38":{"start":{"line":39,"column":0},"end":{"line":39,"column":22}},"39":{"start":{"line":40,"column":0},"end":{"line":40,"column":84}},"40":{"start":{"line":41,"column":0},"end":{"line":41,"column":43}},"41":{"start":{"line":42,"column":0},"end":{"line":42,"column":38}},"42":{"start":{"line":43,"column":0},"end":{"line":43,"column":84}},"43":{"start":{"line":44,"column":0},"end":{"line":44,"column":26}},"44":{"start":{"line":45,"column":0},"end":{"line":45,"column":35}},"45":{"start":{"line":46,"column":0},"end":{"line":46,"column":48}},"46":{"start":{"line":47,"column":0},"end":{"line":47,"column":38}},"47":{"start":{"line":48,"column":0},"end":{"line":48,"column":36}},"48":{"start":{"line":49,"column":0},"end":{"line":49,"column":44}},"49":{"start":{"line":50,"column":0},"end":{"line":50,"column":47}},"50":{"start":{"line":51,"column":0},"end":{"line":51,"column":22}},"51":{"start":{"line":52,"column":0},"end":{"line":52,"column":88}},"53":{"start":{"line":54,"column":0},"end":{"line":54,"column":22}},"55":{"start":{"line":56,"column":0},"end":{"line":56,"column":29}},"58":{"start":{"line":59,"column":0},"end":{"line":59,"column":19}},"59":{"start":{"line":60,"column":0},"end":{"line":60,"column":12}},"61":{"start":{"line":62,"column":0},"end":{"line":62,"column":1}},"63":{"start":{"line":64,"column":0},"end":{"line":64,"column":23}},"64":{"start":{"line":65,"column":0},"end":{"line":65,"column":25}},"65":{"start":{"line":66,"column":0},"end":{"line":66,"column":40}},"66":{"start":{"line":67,"column":0},"end":{"line":67,"column":129}},"67":{"start":{"line":68,"column":0},"end":{"line":68,"column":1}}},"s":{"1":1,"6":1,"8":20,"9":13,"11":13,"12":7,"13":7,"14":7,"15":7,"16":13,"17":13,"19":20,"20":20,"21":20,"22":20,"23":20,"24":1,"25":1,"26":1,"27":1,"29":20,"30":20,"31":20,"32":20,"33":20,"34":20,"35":20,"36":20,"37":20,"38":20,"39":20,"40":20,"41":20,"42":20,"43":20,"44":20,"45":20,"46":20,"47":20,"48":20,"49":20,"50":20,"51":20,"53":20,"55":20,"58":20,"59":20,"61":20,"63":1,"64":1,"65":20,"66":20,"67":20},"branchMap":{"0":{"type":"branch","line":7,"loc":{"start":{"line":7,"column":17},"end":{"line":62,"column":1}},"locations":[{"start":{"line":7,"column":17},"end":{"line":62,"column":1}}]},"1":{"type":"branch","line":22,"loc":{"start":{"line":22,"column":23},"end":{"line":22,"column":39}},"locations":[{"start":{"line":22,"column":23},"end":{"line":22,"column":39}}]},"2":{"type":"branch","line":22,"loc":{"start":{"line":22,"column":28},"end":{"line":22,"column":46}},"locations":[{"start":{"line":22,"column":28},"end":{"line":22,"column":46}}]},"3":{"type":"branch","line":24,"loc":{"start":{"line":24,"column":22},"end":{"line":28,"column":23}},"locations":[{"start":{"line":24,"column":22},"end":{"line":28,"column":23}}]},"4":{"type":"branch","line":27,"loc":{"start":{"line":27,"column":83},"end":{"line":27,"column":102}},"locations":[{"start":{"line":27,"column":83},"end":{"line":27,"column":102}}]},"5":{"type":"branch","line":40,"loc":{"start":{"line":40,"column":29},"end":{"line":40,"column":84}},"locations":[{"start":{"line":40,"column":29},"end":{"line":40,"column":84}}]},"6":{"type":"branch","line":52,"loc":{"start":{"line":52,"column":29},"end":{"line":52,"column":88}},"locations":[{"start":{"line":52,"column":29},"end":{"line":52,"column":88}}]},"7":{"type":"branch","line":9,"loc":{"start":{"line":9,"column":25},"end":{"line":18,"column":5}},"locations":[{"start":{"line":9,"column":25},"end":{"line":18,"column":5}}]},"8":{"type":"branch","line":12,"loc":{"start":{"line":12,"column":16},"end":{"line":17,"column":9}},"locations":[{"start":{"line":12,"column":16},"end":{"line":17,"column":9}}]},"9":{"type":"branch","line":65,"loc":{"start":{"line":65,"column":18},"end":{"line":68,"column":1}},"locations":[{"start":{"line":65,"column":18},"end":{"line":68,"column":1}}]},"10":{"type":"branch","line":67,"loc":{"start":{"line":67,"column":83},"end":{"line":67,"column":111}},"locations":[{"start":{"line":67,"column":83},"end":{"line":67,"column":111}}]},"11":{"type":"branch","line":67,"loc":{"start":{"line":67,"column":93},"end":{"line":67,"column":120}},"locations":[{"start":{"line":67,"column":93},"end":{"line":67,"column":120}}]}},"b":{"0":[20],"1":[19],"2":[1],"3":[1],"4":[0],"5":[8],"6":[6],"7":[13],"8":[7],"9":[20],"10":[1],"11":[19]},"fnMap":{"0":{"name":"TaskForm","decl":{"start":{"line":7,"column":17},"end":{"line":62,"column":1}},"loc":{"start":{"line":7,"column":17},"end":{"line":62,"column":1}},"line":7},"1":{"name":"handleChange","decl":{"start":{"line":9,"column":25},"end":{"line":18,"column":5}},"loc":{"start":{"line":9,"column":25},"end":{"line":18,"column":5}},"line":9},"2":{"name":"SubmitBtn","decl":{"start":{"line":65,"column":18},"end":{"line":68,"column":1}},"loc":{"start":{"line":65,"column":18},"end":{"line":68,"column":1}},"line":65}},"f":{"0":20,"1":13,"2":20}}
,"E:\\REACT 2025\\react-manager\\src\\components\\TasksList.tsx": {"path":"E:\\REACT 2025\\react-manager\\src\\components\\TasksList.tsx","all":false,"statementMap":{"0":{"start":{"line":1,"column":0},"end":{"line":1,"column":61}},"3":{"start":{"line":4,"column":0},"end":{"line":4,"column":102}},"4":{"start":{"line":5,"column":0},"end":{"line":5,"column":47}},"5":{"start":{"line":6,"column":0},"end":{"line":6,"column":61}},"7":{"start":{"line":8,"column":0},"end":{"line":8,"column":21}},"8":{"start":{"line":9,"column":0},"end":{"line":9,"column":32}},"9":{"start":{"line":10,"column":0},"end":{"line":10,"column":87}},"10":{"start":{"line":11,"column":0},"end":{"line":11,"column":92}},"11":{"start":{"line":12,"column":0},"end":{"line":12,"column":24}},"12":{"start":{"line":13,"column":0},"end":{"line":13,"column":10}},"13":{"start":{"line":14,"column":0},"end":{"line":14,"column":23}},"17":{"start":{"line":18,"column":0},"end":{"line":18,"column":12}},"18":{"start":{"line":19,"column":0},"end":{"line":19,"column":10}},"19":{"start":{"line":20,"column":0},"end":{"line":20,"column":18}},"20":{"start":{"line":21,"column":0},"end":{"line":21,"column":26}},"21":{"start":{"line":22,"column":0},"end":{"line":22,"column":33}},"22":{"start":{"line":23,"column":0},"end":{"line":23,"column":39}},"23":{"start":{"line":24,"column":0},"end":{"line":24,"column":81}},"24":{"start":{"line":25,"column":0},"end":{"line":25,"column":45}},"25":{"start":{"line":26,"column":0},"end":{"line":26,"column":136}},"26":{"start":{"line":27,"column":0},"end":{"line":27,"column":25}},"27":{"start":{"line":28,"column":0},"end":{"line":28,"column":45}},"28":{"start":{"line":29,"column":0},"end":{"line":29,"column":139}},"29":{"start":{"line":30,"column":0},"end":{"line":30,"column":25}},"30":{"start":{"line":31,"column":0},"end":{"line":31,"column":45}},"31":{"start":{"line":32,"column":0},"end":{"line":32,"column":151}},"32":{"start":{"line":33,"column":0},"end":{"line":33,"column":25}},"33":{"start":{"line":34,"column":0},"end":{"line":34,"column":21}},"34":{"start":{"line":35,"column":0},"end":{"line":35,"column":50}},"35":{"start":{"line":36,"column":0},"end":{"line":36,"column":75}},"37":{"start":{"line":38,"column":0},"end":{"line":38,"column":66}},"40":{"start":{"line":41,"column":0},"end":{"line":41,"column":83}},"41":{"start":{"line":42,"column":0},"end":{"line":42,"column":227}},"42":{"start":{"line":43,"column":0},"end":{"line":43,"column":107}},"44":{"start":{"line":45,"column":0},"end":{"line":45,"column":38}},"45":{"start":{"line":46,"column":0},"end":{"line":46,"column":81}},"46":{"start":{"line":47,"column":0},"end":{"line":47,"column":69}},"47":{"start":{"line":48,"column":0},"end":{"line":48,"column":41}},"49":{"start":{"line":50,"column":0},"end":{"line":50,"column":182}},"51":{"start":{"line":52,"column":0},"end":{"line":52,"column":141}},"52":{"start":{"line":53,"column":0},"end":{"line":53,"column":80}},"53":{"start":{"line":54,"column":0},"end":{"line":54,"column":49}},"54":{"start":{"line":55,"column":0},"end":{"line":55,"column":42}},"55":{"start":{"line":56,"column":0},"end":{"line":56,"column":38}},"57":{"start":{"line":58,"column":0},"end":{"line":58,"column":33}},"58":{"start":{"line":59,"column":0},"end":{"line":59,"column":27}},"59":{"start":{"line":60,"column":0},"end":{"line":60,"column":25}},"60":{"start":{"line":61,"column":0},"end":{"line":61,"column":21}},"63":{"start":{"line":64,"column":0},"end":{"line":64,"column":11}},"65":{"start":{"line":66,"column":0},"end":{"line":66,"column":1}},"67":{"start":{"line":68,"column":0},"end":{"line":68,"column":24}}},"s":{"0":1,"3":1,"4":29,"5":29,"7":29,"8":15,"9":15,"10":15,"11":13,"12":15,"13":29,"17":29,"18":29,"19":29,"20":29,"21":29,"22":8,"23":21,"24":21,"25":21,"26":21,"27":21,"28":21,"29":21,"30":21,"31":21,"32":21,"33":21,"34":21,"35":21,"37":324,"40":324,"41":324,"42":324,"44":324,"45":324,"46":324,"47":324,"49":324,"51":324,"52":324,"53":324,"54":324,"55":324,"57":324,"58":21,"59":21,"60":21,"63":29,"65":29,"67":1},"branchMap":{"0":{"type":"branch","line":4,"loc":{"start":{"line":4,"column":18},"end":{"line":66,"column":1}},"locations":[{"start":{"line":4,"column":18},"end":{"line":66,"column":1}}]},"1":{"type":"branch","line":22,"loc":{"start":{"line":22,"column":30},"end":{"line":23,"column":39}},"locations":[{"start":{"line":22,"column":30},"end":{"line":23,"column":39}}]},"2":{"type":"branch","line":23,"loc":{"start":{"line":23,"column":34},"end":{"line":61,"column":21}},"locations":[{"start":{"line":23,"column":34},"end":{"line":61,"column":21}}]},"3":{"type":"branch","line":26,"loc":{"start":{"line":26,"column":61},"end":{"line":26,"column":80}},"locations":[{"start":{"line":26,"column":61},"end":{"line":26,"column":80}}]},"4":{"type":"branch","line":26,"loc":{"start":{"line":26,"column":69},"end":{"line":26,"column":82}},"locations":[{"start":{"line":26,"column":69},"end":{"line":26,"column":82}}]},"5":{"type":"branch","line":29,"loc":{"start":{"line":29,"column":61},"end":{"line":29,"column":81}},"locations":[{"start":{"line":29,"column":61},"end":{"line":29,"column":81}}]},"6":{"type":"branch","line":29,"loc":{"start":{"line":29,"column":70},"end":{"line":29,"column":83}},"locations":[{"start":{"line":29,"column":70},"end":{"line":29,"column":83}}]},"7":{"type":"branch","line":32,"loc":{"start":{"line":32,"column":61},"end":{"line":32,"column":85}},"locations":[{"start":{"line":32,"column":61},"end":{"line":32,"column":85}}]},"8":{"type":"branch","line":32,"loc":{"start":{"line":32,"column":74},"end":{"line":32,"column":87}},"locations":[{"start":{"line":32,"column":74},"end":{"line":32,"column":87}}]},"9":{"type":"branch","line":8,"loc":{"start":{"line":8,"column":14},"end":{"line":14,"column":7}},"locations":[{"start":{"line":8,"column":14},"end":{"line":14,"column":7}}]},"10":{"type":"branch","line":9,"loc":{"start":{"line":9,"column":25},"end":{"line":13,"column":9}},"locations":[{"start":{"line":9,"column":25},"end":{"line":13,"column":9}}]},"11":{"type":"branch","line":10,"loc":{"start":{"line":10,"column":35},"end":{"line":10,"column":87}},"locations":[{"start":{"line":10,"column":35},"end":{"line":10,"column":87}}]},"12":{"type":"branch","line":10,"loc":{"start":{"line":10,"column":86},"end":{"line":11,"column":46}},"locations":[{"start":{"line":10,"column":86},"end":{"line":11,"column":46}}]},"13":{"type":"branch","line":11,"loc":{"start":{"line":11,"column":39},"end":{"line":11,"column":92}},"locations":[{"start":{"line":11,"column":39},"end":{"line":11,"column":92}}]},"14":{"type":"branch","line":11,"loc":{"start":{"line":11,"column":91},"end":{"line":12,"column":24}},"locations":[{"start":{"line":11,"column":91},"end":{"line":12,"column":24}}]},"15":{"type":"branch","line":10,"loc":{"start":{"line":10,"column":55},"end":{"line":10,"column":86}},"locations":[{"start":{"line":10,"column":55},"end":{"line":10,"column":86}}]},"16":{"type":"branch","line":11,"loc":{"start":{"line":11,"column":59},"end":{"line":11,"column":91}},"locations":[{"start":{"line":11,"column":59},"end":{"line":11,"column":91}}]},"17":{"type":"branch","line":26,"loc":{"start":{"line":26,"column":104},"end":{"line":26,"column":129}},"locations":[{"start":{"line":26,"column":104},"end":{"line":26,"column":129}}]},"18":{"type":"branch","line":29,"loc":{"start":{"line":29,"column":105},"end":{"line":29,"column":131}},"locations":[{"start":{"line":29,"column":105},"end":{"line":29,"column":131}}]},"19":{"type":"branch","line":32,"loc":{"start":{"line":32,"column":109},"end":{"line":32,"column":139}},"locations":[{"start":{"line":32,"column":109},"end":{"line":32,"column":139}}]},"20":{"type":"branch","line":36,"loc":{"start":{"line":36,"column":43},"end":{"line":58,"column":33}},"locations":[{"start":{"line":36,"column":43},"end":{"line":58,"column":33}}]},"21":{"type":"branch","line":42,"loc":{"start":{"line":42,"column":199},"end":{"line":42,"column":218}},"locations":[{"start":{"line":42,"column":199},"end":{"line":42,"column":218}}]},"22":{"type":"branch","line":42,"loc":{"start":{"line":42,"column":211},"end":{"line":42,"column":225}},"locations":[{"start":{"line":42,"column":211},"end":{"line":42,"column":225}}]},"23":{"type":"branch","line":43,"loc":{"start":{"line":43,"column":78},"end":{"line":43,"column":100}},"locations":[{"start":{"line":43,"column":78},"end":{"line":43,"column":100}}]},"24":{"type":"branch","line":43,"loc":{"start":{"line":43,"column":88},"end":{"line":43,"column":103}},"locations":[{"start":{"line":43,"column":88},"end":{"line":43,"column":103}}]},"25":{"type":"branch","line":50,"loc":{"start":{"line":50,"column":103},"end":{"line":50,"column":135}},"locations":[{"start":{"line":50,"column":103},"end":{"line":50,"column":135}}]},"26":{"type":"branch","line":52,"loc":{"start":{"line":52,"column":107},"end":{"line":52,"column":141}},"locations":[{"start":{"line":52,"column":107},"end":{"line":52,"column":141}}]}},"b":{"0":[29],"1":[8],"2":[21],"3":[17],"4":[4],"5":[2],"6":[19],"7":[2],"8":[19],"9":[15],"10":[15],"11":[1],"12":[14],"13":[1],"14":[13],"15":[2],"16":[2],"17":[1],"18":[1],"19":[1],"20":[324],"21":[7],"22":[317],"23":[1],"24":[323],"25":[1],"26":[1]},"fnMap":{"0":{"name":"TasksList","decl":{"start":{"line":4,"column":18},"end":{"line":66,"column":1}},"loc":{"start":{"line":4,"column":18},"end":{"line":66,"column":1}},"line":4},"1":{"name":"onClick","decl":{"start":{"line":26,"column":104},"end":{"line":26,"column":129}},"loc":{"start":{"line":26,"column":104},"end":{"line":26,"column":129}},"line":26},"2":{"name":"onClick","decl":{"start":{"line":29,"column":105},"end":{"line":29,"column":131}},"loc":{"start":{"line":29,"column":105},"end":{"line":29,"column":131}},"line":29},"3":{"name":"onClick","decl":{"start":{"line":32,"column":109},"end":{"line":32,"column":139}},"loc":{"start":{"line":32,"column":109},"end":{"line":32,"column":139}},"line":32},"4":{"name":"onChange","decl":{"start":{"line":42,"column":118},"end":{"line":42,"column":185}},"loc":{"start":{"line":42,"column":118},"end":{"line":42,"column":185}},"line":42},"5":{"name":"onClick","decl":{"start":{"line":50,"column":103},"end":{"line":50,"column":135}},"loc":{"start":{"line":50,"column":103},"end":{"line":50,"column":135}},"line":50},"6":{"name":"onClick","decl":{"start":{"line":52,"column":107},"end":{"line":52,"column":141}},"loc":{"start":{"line":52,"column":107},"end":{"line":52,"column":141}},"line":52}},"f":{"0":29,"1":1,"2":1,"3":1,"4":0,"5":1,"6":1}}
,"E:\\REACT 2025\\react-manager\\src\\components\\TasksPage.tsx": {"path":"E:\\REACT 2025\\react-manager\\src\\components\\TasksPage.tsx","all":false,"statementMap":{"1":{"start":{"line":2,"column":0},"end":{"line":2,"column":33}},"4":{"start":{"line":5,"column":0},"end":{"line":5,"column":110}},"5":{"start":{"line":6,"column":0},"end":{"line":6,"column":83}},"6":{"start":{"line":7,"column":0},"end":{"line":7,"column":35}},"8":{"start":{"line":9,"column":0},"end":{"line":9,"column":25}},"10":{"start":{"line":11,"column":0},"end":{"line":11,"column":32}},"11":{"start":{"line":12,"column":0},"end":{"line":12,"column":18}},"12":{"start":{"line":13,"column":0},"end":{"line":13,"column":20}},"13":{"start":{"line":14,"column":0},"end":{"line":14,"column":24}},"14":{"start":{"line":15,"column":0},"end":{"line":15,"column":5}},"15":{"start":{"line":16,"column":0},"end":{"line":16,"column":44}},"16":{"start":{"line":17,"column":0},"end":{"line":17,"column":50}},"17":{"start":{"line":18,"column":0},"end":{"line":18,"column":50}},"18":{"start":{"line":19,"column":0},"end":{"line":19,"column":69}},"20":{"start":{"line":21,"column":0},"end":{"line":21,"column":89}},"21":{"start":{"line":22,"column":0},"end":{"line":22,"column":26}},"23":{"start":{"line":24,"column":0},"end":{"line":24,"column":42}},"24":{"start":{"line":25,"column":0},"end":{"line":25,"column":21}},"26":{"start":{"line":27,"column":0},"end":{"line":27,"column":55}},"27":{"start":{"line":28,"column":0},"end":{"line":28,"column":50}},"28":{"start":{"line":29,"column":0},"end":{"line":29,"column":49}},"30":{"start":{"line":31,"column":0},"end":{"line":31,"column":60}},"31":{"start":{"line":32,"column":0},"end":{"line":32,"column":44}},"32":{"start":{"line":33,"column":0},"end":{"line":33,"column":48}},"33":{"start":{"line":34,"column":0},"end":{"line":34,"column":74}},"35":{"start":{"line":36,"column":0},"end":{"line":36,"column":66}},"36":{"start":{"line":37,"column":0},"end":{"line":37,"column":63}},"37":{"start":{"line":38,"column":0},"end":{"line":38,"column":10}},"38":{"start":{"line":39,"column":0},"end":{"line":39,"column":68}},"39":{"start":{"line":40,"column":0},"end":{"line":40,"column":68}},"40":{"start":{"line":41,"column":0},"end":{"line":41,"column":10}},"42":{"start":{"line":43,"column":0},"end":{"line":43,"column":61}},"44":{"start":{"line":45,"column":0},"end":{"line":45,"column":52}},"45":{"start":{"line":46,"column":0},"end":{"line":46,"column":47}},"46":{"start":{"line":47,"column":0},"end":{"line":47,"column":20}},"47":{"start":{"line":48,"column":0},"end":{"line":48,"column":47}},"48":{"start":{"line":49,"column":0},"end":{"line":49,"column":13}},"49":{"start":{"line":50,"column":0},"end":{"line":50,"column":47}},"51":{"start":{"line":52,"column":0},"end":{"line":52,"column":41}},"52":{"start":{"line":53,"column":0},"end":{"line":53,"column":36}},"53":{"start":{"line":54,"column":0},"end":{"line":54,"column":25}},"54":{"start":{"line":55,"column":0},"end":{"line":55,"column":30}},"55":{"start":{"line":56,"column":0},"end":{"line":56,"column":32}},"56":{"start":{"line":57,"column":0},"end":{"line":57,"column":36}},"57":{"start":{"line":58,"column":0},"end":{"line":58,"column":18}},"58":{"start":{"line":59,"column":0},"end":{"line":59,"column":14}},"59":{"start":{"line":60,"column":0},"end":{"line":60,"column":9}},"60":{"start":{"line":61,"column":0},"end":{"line":61,"column":14}},"61":{"start":{"line":62,"column":0},"end":{"line":62,"column":5}},"63":{"start":{"line":64,"column":0},"end":{"line":64,"column":80}},"64":{"start":{"line":65,"column":0},"end":{"line":65,"column":37}},"65":{"start":{"line":66,"column":0},"end":{"line":66,"column":77}},"66":{"start":{"line":67,"column":0},"end":{"line":67,"column":81}},"67":{"start":{"line":68,"column":0},"end":{"line":68,"column":10}},"69":{"start":{"line":70,"column":0},"end":{"line":70,"column":37}},"70":{"start":{"line":71,"column":0},"end":{"line":71,"column":35}},"71":{"start":{"line":72,"column":0},"end":{"line":72,"column":10}},"72":{"start":{"line":73,"column":0},"end":{"line":73,"column":5}},"73":{"start":{"line":74,"column":0},"end":{"line":74,"column":80}},"74":{"start":{"line":75,"column":0},"end":{"line":75,"column":37}},"75":{"start":{"line":76,"column":0},"end":{"line":76,"column":80}},"76":{"start":{"line":77,"column":0},"end":{"line":77,"column":81}},"77":{"start":{"line":78,"column":0},"end":{"line":78,"column":10}},"79":{"start":{"line":80,"column":0},"end":{"line":80,"column":37}},"80":{"start":{"line":81,"column":0},"end":{"line":81,"column":56}},"81":{"start":{"line":82,"column":0},"end":{"line":82,"column":10}},"82":{"start":{"line":83,"column":0},"end":{"line":83,"column":5}},"83":{"start":{"line":84,"column":0},"end":{"line":84,"column":74}},"84":{"start":{"line":85,"column":0},"end":{"line":85,"column":24}},"85":{"start":{"line":86,"column":0},"end":{"line":86,"column":66}},"87":{"start":{"line":88,"column":0},"end":{"line":88,"column":41}},"88":{"start":{"line":89,"column":0},"end":{"line":89,"column":86}},"89":{"start":{"line":90,"column":0},"end":{"line":90,"column":85}},"91":{"start":{"line":92,"column":0},"end":{"line":92,"column":45}},"92":{"start":{"line":93,"column":0},"end":{"line":93,"column":75}},"93":{"start":{"line":94,"column":0},"end":{"line":94,"column":51}},"95":{"start":{"line":96,"column":0},"end":{"line":96,"column":49}},"96":{"start":{"line":97,"column":0},"end":{"line":97,"column":59}},"97":{"start":{"line":98,"column":0},"end":{"line":98,"column":44}},"98":{"start":{"line":99,"column":0},"end":{"line":99,"column":22}},"99":{"start":{"line":100,"column":0},"end":{"line":100,"column":18}},"101":{"start":{"line":102,"column":0},"end":{"line":102,"column":14}},"102":{"start":{"line":103,"column":0},"end":{"line":103,"column":9}},"103":{"start":{"line":104,"column":0},"end":{"line":104,"column":5}},"105":{"start":{"line":106,"column":0},"end":{"line":106,"column":72}},"106":{"start":{"line":107,"column":0},"end":{"line":107,"column":24}},"107":{"start":{"line":108,"column":0},"end":{"line":108,"column":47}},"108":{"start":{"line":109,"column":0},"end":{"line":109,"column":30}},"109":{"start":{"line":110,"column":0},"end":{"line":110,"column":9}},"110":{"start":{"line":111,"column":0},"end":{"line":111,"column":5}},"112":{"start":{"line":113,"column":0},"end":{"line":113,"column":126}},"113":{"start":{"line":114,"column":0},"end":{"line":114,"column":63}},"114":{"start":{"line":115,"column":0},"end":{"line":115,"column":49}},"116":{"start":{"line":117,"column":0},"end":{"line":117,"column":37}},"117":{"start":{"line":118,"column":0},"end":{"line":118,"column":80}},"118":{"start":{"line":119,"column":0},"end":{"line":119,"column":81}},"120":{"start":{"line":121,"column":0},"end":{"line":121,"column":41}},"121":{"start":{"line":122,"column":0},"end":{"line":122,"column":37}},"122":{"start":{"line":123,"column":0},"end":{"line":123,"column":60}},"123":{"start":{"line":124,"column":0},"end":{"line":124,"column":51}},"125":{"start":{"line":126,"column":0},"end":{"line":126,"column":45}},"126":{"start":{"line":127,"column":0},"end":{"line":127,"column":47}},"127":{"start":{"line":128,"column":0},"end":{"line":128,"column":18}},"128":{"start":{"line":129,"column":0},"end":{"line":129,"column":14}},"129":{"start":{"line":130,"column":0},"end":{"line":130,"column":10}},"130":{"start":{"line":131,"column":0},"end":{"line":131,"column":5}},"132":{"start":{"line":133,"column":0},"end":{"line":133,"column":21}},"134":{"start":{"line":135,"column":0},"end":{"line":135,"column":49}},"135":{"start":{"line":136,"column":0},"end":{"line":136,"column":10}},"138":{"start":{"line":139,"column":0},"end":{"line":139,"column":12}},"139":{"start":{"line":140,"column":0},"end":{"line":140,"column":74}},"142":{"start":{"line":143,"column":0},"end":{"line":143,"column":21}},"143":{"start":{"line":144,"column":0},"end":{"line":144,"column":43}},"144":{"start":{"line":145,"column":0},"end":{"line":145,"column":27}},"145":{"start":{"line":146,"column":0},"end":{"line":146,"column":33}},"146":{"start":{"line":147,"column":0},"end":{"line":147,"column":31}},"147":{"start":{"line":148,"column":0},"end":{"line":148,"column":14}},"148":{"start":{"line":149,"column":0},"end":{"line":149,"column":22}},"149":{"start":{"line":150,"column":0},"end":{"line":150,"column":39}},"150":{"start":{"line":151,"column":0},"end":{"line":151,"column":51}},"151":{"start":{"line":152,"column":0},"end":{"line":152,"column":47}},"152":{"start":{"line":153,"column":0},"end":{"line":153,"column":51}},"153":{"start":{"line":154,"column":0},"end":{"line":154,"column":14}},"155":{"start":{"line":156,"column":0},"end":{"line":156,"column":14}},"157":{"start":{"line":158,"column":0},"end":{"line":158,"column":1}},"159":{"start":{"line":160,"column":0},"end":{"line":160,"column":24}},"161":{"start":{"line":162,"column":0},"end":{"line":162,"column":104}},"162":{"start":{"line":163,"column":0},"end":{"line":163,"column":26}},"163":{"start":{"line":164,"column":0},"end":{"line":164,"column":19}},"164":{"start":{"line":165,"column":0},"end":{"line":165,"column":45}},"165":{"start":{"line":166,"column":0},"end":{"line":166,"column":24}},"166":{"start":{"line":167,"column":0},"end":{"line":167,"column":94}},"167":{"start":{"line":168,"column":0},"end":{"line":168,"column":60}},"168":{"start":{"line":169,"column":0},"end":{"line":169,"column":29}},"169":{"start":{"line":170,"column":0},"end":{"line":170,"column":9}},"170":{"start":{"line":171,"column":0},"end":{"line":171,"column":22}},"171":{"start":{"line":172,"column":0},"end":{"line":172,"column":70}},"173":{"start":{"line":174,"column":0},"end":{"line":174,"column":16}},"174":{"start":{"line":175,"column":0},"end":{"line":175,"column":24}},"175":{"start":{"line":176,"column":0},"end":{"line":176,"column":5}},"176":{"start":{"line":177,"column":0},"end":{"line":177,"column":1}}},"s":{"1":1,"4":1,"5":1,"6":1,"8":1,"10":16,"11":16,"12":16,"13":16,"14":16,"15":16,"16":16,"17":16,"18":16,"20":16,"21":2,"23":2,"24":2,"26":2,"27":2,"28":2,"30":2,"31":2,"32":2,"33":2,"35":2,"36":1,"37":1,"38":2,"39":1,"40":1,"42":2,"44":1,"45":0,"46":1,"47":1,"48":1,"49":1,"51":1,"52":1,"53":1,"54":1,"55":1,"56":1,"57":1,"58":1,"59":1,"60":2,"61":2,"63":16,"64":1,"65":1,"66":1,"67":1,"69":1,"70":1,"71":1,"72":1,"73":16,"74":0,"75":0,"76":0,"77":0,"79":0,"80":0,"81":0,"82":0,"83":16,"84":0,"85":0,"87":0,"88":0,"89":0,"91":0,"92":0,"93":0,"95":0,"96":0,"97":0,"98":0,"99":0,"101":0,"102":0,"103":0,"105":16,"106":0,"107":0,"108":0,"109":0,"110":0,"112":16,"113":0,"114":0,"116":0,"117":0,"118":0,"120":0,"121":0,"122":0,"123":0,"125":0,"126":0,"127":0,"128":0,"129":0,"130":0,"132":16,"134":3,"135":16,"138":16,"139":16,"142":16,"143":16,"144":16,"145":16,"146":16,"147":16,"148":16,"149":16,"150":16,"151":16,"152":16,"153":16,"155":16,"157":16,"159":1,"161":1,"162":1,"163":1,"164":1,"165":1,"166":0,"167":0,"168":0,"169":0,"170":1,"171":0,"173":1,"174":0,"175":1,"176":1},"branchMap":{"0":{"type":"branch","line":9,"loc":{"start":{"line":9,"column":18},"end":{"line":158,"column":1}},"locations":[{"start":{"line":9,"column":18},"end":{"line":158,"column":1}}]},"1":{"type":"branch","line":21,"loc":{"start":{"line":21,"column":47},"end":{"line":62,"column":5}},"locations":[{"start":{"line":21,"column":47},"end":{"line":62,"column":5}}]},"2":{"type":"branch","line":34,"loc":{"start":{"line":34,"column":40},"end":{"line":34,"column":69}},"locations":[{"start":{"line":34,"column":40},"end":{"line":34,"column":69}}]},"3":{"type":"branch","line":36,"loc":{"start":{"line":36,"column":34},"end":{"line":38,"column":10}},"locations":[{"start":{"line":36,"column":34},"end":{"line":38,"column":10}}]},"4":{"type":"branch","line":39,"loc":{"start":{"line":39,"column":36},"end":{"line":41,"column":10}},"locations":[{"start":{"line":39,"column":36},"end":{"line":41,"column":10}}]},"5":{"type":"branch","line":43,"loc":{"start":{"line":43,"column":30},"end":{"line":43,"column":60}},"locations":[{"start":{"line":43,"column":30},"end":{"line":43,"column":60}}]},"6":{"type":"branch","line":43,"loc":{"start":{"line":43,"column":60},"end":{"line":60,"column":9}},"locations":[{"start":{"line":43,"column":60},"end":{"line":60,"column":9}}]},"7":{"type":"branch","line":45,"loc":{"start":{"line":45,"column":51},"end":{"line":47,"column":19}},"locations":[{"start":{"line":45,"column":51},"end":{"line":47,"column":19}}]},"8":{"type":"branch","line":36,"loc":{"start":{"line":36,"column":50},"end":{"line":38,"column":9}},"locations":[{"start":{"line":36,"column":50},"end":{"line":38,"column":9}}]},"9":{"type":"branch","line":39,"loc":{"start":{"line":39,"column":52},"end":{"line":41,"column":9}},"locations":[{"start":{"line":39,"column":52},"end":{"line":41,"column":9}}]},"10":{"type":"branch","line":52,"loc":{"start":{"line":52,"column":28},"end":{"line":59,"column":13}},"locations":[{"start":{"line":52,"column":28},"end":{"line":59,"column":13}}]},"11":{"type":"branch","line":64,"loc":{"start":{"line":64,"column":54},"end":{"line":73,"column":5}},"locations":[{"start":{"line":64,"column":54},"end":{"line":73,"column":5}}]},"12":{"type":"branch","line":65,"loc":{"start":{"line":65,"column":24},"end":{"line":68,"column":9}},"locations":[{"start":{"line":65,"column":24},"end":{"line":68,"column":9}}]},"13":{"type":"branch","line":67,"loc":{"start":{"line":67,"column":80},"end":{"line":67,"column":81}},"locations":[{"start":{"line":67,"column":80},"end":{"line":67,"column":81}}]},"14":{"type":"branch","line":67,"loc":{"start":{"line":67,"column":30},"end":{"line":67,"column":80}},"locations":[{"start":{"line":67,"column":30},"end":{"line":67,"column":80}}]},"15":{"type":"branch","line":70,"loc":{"start":{"line":70,"column":24},"end":{"line":72,"column":9}},"locations":[{"start":{"line":70,"column":24},"end":{"line":72,"column":9}}]},"16":{"type":"branch","line":133,"loc":{"start":{"line":133,"column":14},"end":{"line":136,"column":7}},"locations":[{"start":{"line":133,"column":14},"end":{"line":136,"column":7}}]},"17":{"type":"branch","line":135,"loc":{"start":{"line":135,"column":24},"end":{"line":135,"column":48}},"locations":[{"start":{"line":135,"column":24},"end":{"line":135,"column":48}}]},"18":{"type":"branch","line":162,"loc":{"start":{"line":162,"column":84},"end":{"line":177,"column":1}},"locations":[{"start":{"line":162,"column":84},"end":{"line":177,"column":1}}]},"19":{"type":"branch","line":166,"loc":{"start":{"line":166,"column":8},"end":{"line":170,"column":9}},"locations":[{"start":{"line":166,"column":8},"end":{"line":170,"column":9}}]},"20":{"type":"branch","line":171,"loc":{"start":{"line":171,"column":8},"end":{"line":172,"column":70}},"locations":[{"start":{"line":171,"column":8},"end":{"line":172,"column":70}}]},"21":{"type":"branch","line":174,"loc":{"start":{"line":174,"column":8},"end":{"line":175,"column":24}},"locations":[{"start":{"line":174,"column":8},"end":{"line":175,"column":24}}]}},"b":{"0":[16],"1":[2],"2":[0],"3":[1],"4":[1],"5":[1],"6":[1],"7":[0],"8":[1],"9":[1],"10":[1],"11":[1],"12":[1],"13":[0],"14":[1],"15":[1],"16":[3],"17":[3],"18":[1],"19":[0],"20":[0],"21":[0]},"fnMap":{"0":{"name":"TasksPage","decl":{"start":{"line":9,"column":18},"end":{"line":158,"column":1}},"loc":{"start":{"line":9,"column":18},"end":{"line":158,"column":1}},"line":9},"1":{"name":"handleTaskForm","decl":{"start":{"line":21,"column":47},"end":{"line":62,"column":5}},"loc":{"start":{"line":21,"column":47},"end":{"line":62,"column":5}},"line":21},"2":{"name":"handleCreateTask","decl":{"start":{"line":64,"column":54},"end":{"line":73,"column":5}},"loc":{"start":{"line":64,"column":54},"end":{"line":73,"column":5}},"line":64},"3":{"name":"handleUpdateTask","decl":{"start":{"line":74,"column":54},"end":{"line":83,"column":5}},"loc":{"start":{"line":74,"column":54},"end":{"line":83,"column":5}},"line":74},"4":{"name":"handleDeleteTask","decl":{"start":{"line":84,"column":51},"end":{"line":104,"column":5}},"loc":{"start":{"line":84,"column":51},"end":{"line":104,"column":5}},"line":84},"5":{"name":"handleEditTask","decl":{"start":{"line":106,"column":49},"end":{"line":111,"column":5}},"loc":{"start":{"line":106,"column":49},"end":{"line":111,"column":5}},"line":106},"6":{"name":"toggleTaskStatus","decl":{"start":{"line":113,"column":77},"end":{"line":131,"column":5}},"loc":{"start":{"line":113,"column":77},"end":{"line":131,"column":5}},"line":113},"7":{"name":"reducer","decl":{"start":{"line":162,"column":84},"end":{"line":177,"column":1}},"loc":{"start":{"line":162,"column":84},"end":{"line":177,"column":1}},"line":162}},"f":{"0":16,"1":2,"2":1,"3":0,"4":0,"5":0,"6":0,"7":1}}
,"E:\\REACT 2025\\react-manager\\src\\context\\AuthContext.tsx": {"path":"E:\\REACT 2025\\react-manager\\src\\context\\AuthContext.tsx","all":false,"statementMap":{"1":{"start":{"line":2,"column":0},"end":{"line":2,"column":83}},"13":{"start":{"line":14,"column":0},"end":{"line":14,"column":70}},"15":{"start":{"line":16,"column":0},"end":{"line":16,"column":73}},"16":{"start":{"line":17,"column":0},"end":{"line":17,"column":65}},"17":{"start":{"line":18,"column":0},"end":{"line":18,"column":44}},"19":{"start":{"line":20,"column":0},"end":{"line":20,"column":21}},"20":{"start":{"line":21,"column":0},"end":{"line":21,"column":39}},"21":{"start":{"line":22,"column":0},"end":{"line":22,"column":28}},"22":{"start":{"line":23,"column":0},"end":{"line":23,"column":9}},"23":{"start":{"line":24,"column":0},"end":{"line":24,"column":19}},"25":{"start":{"line":26,"column":0},"end":{"line":26,"column":10}},"26":{"start":{"line":27,"column":0},"end":{"line":27,"column":41}},"27":{"start":{"line":28,"column":0},"end":{"line":28,"column":64}},"28":{"start":{"line":29,"column":0},"end":{"line":29,"column":27}},"29":{"start":{"line":30,"column":0},"end":{"line":30,"column":38}},"30":{"start":{"line":31,"column":0},"end":{"line":31,"column":5}},"32":{"start":{"line":33,"column":0},"end":{"line":33,"column":26}},"33":{"start":{"line":34,"column":0},"end":{"line":34,"column":26}},"34":{"start":{"line":35,"column":0},"end":{"line":35,"column":33}},"35":{"start":{"line":36,"column":0},"end":{"line":36,"column":5}},"36":{"start":{"line":37,"column":0},"end":{"line":37,"column":34}},"37":{"start":{"line":38,"column":0},"end":{"line":38,"column":55}},"38":{"start":{"line":39,"column":0},"end":{"line":39,"column":34}},"39":{"start":{"line":40,"column":0},"end":{"line":40,"column":53}},"40":{"start":{"line":41,"column":0},"end":{"line":41,"column":32}},"41":{"start":{"line":42,"column":0},"end":{"line":42,"column":33}},"42":{"start":{"line":43,"column":0},"end":{"line":43,"column":27}},"43":{"start":{"line":44,"column":0},"end":{"line":44,"column":13}},"44":{"start":{"line":45,"column":0},"end":{"line":45,"column":24}},"46":{"start":{"line":47,"column":0},"end":{"line":47,"column":9}},"47":{"start":{"line":48,"column":0},"end":{"line":48,"column":5}},"49":{"start":{"line":50,"column":0},"end":{"line":50,"column":41}},"50":{"start":{"line":51,"column":0},"end":{"line":51,"column":24}},"51":{"start":{"line":52,"column":0},"end":{"line":52,"column":13}},"52":{"start":{"line":53,"column":0},"end":{"line":53,"column":14}},"53":{"start":{"line":54,"column":0},"end":{"line":54,"column":15}},"54":{"start":{"line":55,"column":0},"end":{"line":55,"column":16}},"55":{"start":{"line":56,"column":0},"end":{"line":56,"column":7}},"56":{"start":{"line":57,"column":0},"end":{"line":57,"column":18}},"57":{"start":{"line":58,"column":0},"end":{"line":58,"column":27}},"58":{"start":{"line":59,"column":0},"end":{"line":59,"column":1}}},"s":{"1":1,"13":1,"15":1,"16":4,"17":4,"19":4,"20":2,"21":2,"22":2,"23":2,"25":4,"26":4,"27":2,"28":2,"29":2,"30":2,"32":4,"33":0,"34":0,"35":0,"36":4,"37":2,"38":2,"39":2,"40":2,"41":2,"42":2,"43":2,"44":0,"46":0,"47":2,"49":4,"50":4,"51":4,"52":4,"53":4,"54":4,"55":4,"56":4,"57":4,"58":4},"branchMap":{"0":{"type":"branch","line":16,"loc":{"start":{"line":16,"column":35},"end":{"line":59,"column":1}},"locations":[{"start":{"line":16,"column":35},"end":{"line":59,"column":1}}]},"1":{"type":"branch","line":20,"loc":{"start":{"line":20,"column":14},"end":{"line":26,"column":7}},"locations":[{"start":{"line":20,"column":14},"end":{"line":26,"column":7}}]},"2":{"type":"branch","line":21,"loc":{"start":{"line":21,"column":26},"end":{"line":23,"column":9}},"locations":[{"start":{"line":21,"column":26},"end":{"line":23,"column":9}}]},"3":{"type":"branch","line":27,"loc":{"start":{"line":27,"column":18},"end":{"line":31,"column":5}},"locations":[{"start":{"line":27,"column":18},"end":{"line":31,"column":5}}]},"4":{"type":"branch","line":37,"loc":{"start":{"line":37,"column":21},"end":{"line":48,"column":5}},"locations":[{"start":{"line":37,"column":21},"end":{"line":48,"column":5}}]},"5":{"type":"branch","line":44,"loc":{"start":{"line":44,"column":12},"end":{"line":47,"column":9}},"locations":[{"start":{"line":44,"column":12},"end":{"line":47,"column":9}}]}},"b":{"0":[4],"1":[2],"2":[2],"3":[2],"4":[2],"5":[0]},"fnMap":{"0":{"name":"AuthContextProvider","decl":{"start":{"line":16,"column":35},"end":{"line":59,"column":1}},"loc":{"start":{"line":16,"column":35},"end":{"line":59,"column":1}},"line":16},"1":{"name":"checkAuth","decl":{"start":{"line":21,"column":26},"end":{"line":23,"column":9}},"loc":{"start":{"line":21,"column":26},"end":{"line":23,"column":9}},"line":21},"2":{"name":"login","decl":{"start":{"line":27,"column":18},"end":{"line":31,"column":5}},"loc":{"start":{"line":27,"column":18},"end":{"line":31,"column":5}},"line":27},"3":{"name":"logout","decl":{"start":{"line":33,"column":19},"end":{"line":36,"column":5}},"loc":{"start":{"line":33,"column":19},"end":{"line":36,"column":5}},"line":33},"4":{"name":"loadUser","decl":{"start":{"line":37,"column":21},"end":{"line":48,"column":5}},"loc":{"start":{"line":37,"column":21},"end":{"line":48,"column":5}},"line":37}},"f":{"0":4,"1":2,"2":2,"3":0,"4":2}}
,"E:\\REACT 2025\\react-manager\\src\\types\\Form.ts": {"path":"E:\\REACT 2025\\react-manager\\src\\types\\Form.ts","all":true,"statementMap":{"0":{"start":{"line":1,"column":0},"end":{"line":1,"column":65}},"1":{"start":{"line":2,"column":0},"end":{"line":2,"column":46}},"2":{"start":{"line":3,"column":0},"end":{"line":3,"column":0}},"3":{"start":{"line":4,"column":0},"end":{"line":4,"column":72}},"4":{"start":{"line":5,"column":0},"end":{"line":5,"column":0}},"5":{"start":{"line":6,"column":0},"end":{"line":6,"column":29}},"6":{"start":{"line":7,"column":0},"end":{"line":7,"column":34}},"7":{"start":{"line":8,"column":0},"end":{"line":8,"column":14}},"8":{"start":{"line":9,"column":0},"end":{"line":9,"column":43}},"9":{"start":{"line":10,"column":0},"end":{"line":10,"column":21}},"10":{"start":{"line":11,"column":0},"end":{"line":11,"column":1}}},"s":{"0":0,"1":0,"2":0,"3":0,"4":0,"5":0,"6":0,"7":0,"8":0,"9":0,"10":0},"branchMap":{"0":{"type":"branch","line":1,"loc":{"start":{"line":1,"column":0},"end":{"line":11,"column":1}},"locations":[{"start":{"line":1,"column":0},"end":{"line":11,"column":1}}]}},"b":{"0":[0]},"fnMap":{"0":{"name":"(empty-report)","decl":{"start":{"line":1,"column":0},"end":{"line":11,"column":1}},"loc":{"start":{"line":1,"column":0},"end":{"line":11,"column":1}},"line":1}},"f":{"0":0}}
,"E:\\REACT 2025\\react-manager\\src\\types\\Task.ts": {"path":"E:\\REACT 2025\\react-manager\\src\\types\\Task.ts","all":true,"statementMap":{"0":{"start":{"line":1,"column":0},"end":{"line":1,"column":40}},"1":{"start":{"line":2,"column":0},"end":{"line":2,"column":0}},"2":{"start":{"line":3,"column":0},"end":{"line":3,"column":20}},"3":{"start":{"line":4,"column":0},"end":{"line":4,"column":23}},"4":{"start":{"line":5,"column":0},"end":{"line":5,"column":18}},"5":{"start":{"line":6,"column":0},"end":{"line":6,"column":20}},"6":{"start":{"line":7,"column":0},"end":{"line":7,"column":23}},"7":{"start":{"line":8,"column":0},"end":{"line":8,"column":21}},"8":{"start":{"line":9,"column":0},"end":{"line":9,"column":1}},"9":{"start":{"line":10,"column":0},"end":{"line":10,"column":0}},"10":{"start":{"line":11,"column":0},"end":{"line":11,"column":34}},"11":{"start":{"line":12,"column":0},"end":{"line":12,"column":30}},"12":{"start":{"line":13,"column":0},"end":{"line":13,"column":20}},"13":{"start":{"line":14,"column":0},"end":{"line":14,"column":1}},"14":{"start":{"line":15,"column":0},"end":{"line":15,"column":0}},"15":{"start":{"line":16,"column":0},"end":{"line":16,"column":25}},"16":{"start":{"line":17,"column":0},"end":{"line":17,"column":18}},"17":{"start":{"line":18,"column":0},"end":{"line":18,"column":20}},"18":{"start":{"line":19,"column":0},"end":{"line":19,"column":1}},"19":{"start":{"line":20,"column":0},"end":{"line":20,"column":0}},"20":{"start":{"line":21,"column":0},"end":{"line":21,"column":23}},"21":{"start":{"line":22,"column":0},"end":{"line":22,"column":58}},"22":{"start":{"line":23,"column":0},"end":{"line":23,"column":1}},"23":{"start":{"line":24,"column":0},"end":{"line":24,"column":0}},"24":{"start":{"line":25,"column":0},"end":{"line":25,"column":30}},"25":{"start":{"line":26,"column":0},"end":{"line":26,"column":17}},"26":{"start":{"line":27,"column":0},"end":{"line":27,"column":42}},"27":{"start":{"line":28,"column":0},"end":{"line":28,"column":40}},"28":{"start":{"line":29,"column":0},"end":{"line":29,"column":68}},"29":{"start":{"line":30,"column":0},"end":{"line":30,"column":1}}},"s":{"0":0,"1":0,"2":0,"3":0,"4":0,"5":0,"6":0,"7":0,"8":0,"9":0,"10":0,"11":0,"12":0,"13":0,"14":0,"15":0,"16":0,"17":0,"18":0,"19":0,"20":0,"21":0,"22":0,"23":0,"24":0,"25":0,"26":0,"27":0,"28":0,"29":0},"branchMap":{"0":{"type":"branch","line":1,"loc":{"start":{"line":1,"column":0},"end":{"line":30,"column":1}},"locations":[{"start":{"line":1,"column":0},"end":{"line":30,"column":1}}]}},"b":{"0":[0]},"fnMap":{"0":{"name":"(empty-report)","decl":{"start":{"line":1,"column":0},"end":{"line":30,"column":1}},"loc":{"start":{"line":1,"column":0},"end":{"line":30,"column":1}},"line":1}},"f":{"0":0}}
,"E:\\REACT 2025\\react-manager\\src\\types\\User.ts": {"path":"E:\\REACT 2025\\react-manager\\src\\types\\User.ts","all":true,"statementMap":{"0":{"start":{"line":1,"column":0},"end":{"line":1,"column":20}},"1":{"start":{"line":2,"column":0},"end":{"line":2,"column":15}},"2":{"start":{"line":3,"column":0},"end":{"line":3,"column":20}},"3":{"start":{"line":4,"column":0},"end":{"line":4,"column":17}},"4":{"start":{"line":5,"column":0},"end":{"line":5,"column":20}},"5":{"start":{"line":6,"column":0},"end":{"line":6,"column":1}},"6":{"start":{"line":7,"column":0},"end":{"line":7,"column":0}},"7":{"start":{"line":8,"column":0},"end":{"line":8,"column":53}},"8":{"start":{"line":9,"column":0},"end":{"line":9,"column":0}},"9":{"start":{"line":10,"column":0},"end":{"line":10,"column":35}},"10":{"start":{"line":11,"column":0},"end":{"line":11,"column":21}},"11":{"start":{"line":12,"column":0},"end":{"line":12,"column":18}},"12":{"start":{"line":13,"column":0},"end":{"line":13,"column":21}},"13":{"start":{"line":14,"column":0},"end":{"line":14,"column":22}},"14":{"start":{"line":15,"column":0},"end":{"line":15,"column":20}},"15":{"start":{"line":16,"column":0},"end":{"line":16,"column":1}},"16":{"start":{"line":17,"column":0},"end":{"line":17,"column":0}},"17":{"start":{"line":18,"column":0},"end":{"line":18,"column":23}},"18":{"start":{"line":19,"column":0},"end":{"line":19,"column":58}},"19":{"start":{"line":20,"column":0},"end":{"line":20,"column":1}},"20":{"start":{"line":21,"column":0},"end":{"line":21,"column":0}},"21":{"start":{"line":22,"column":0},"end":{"line":22,"column":0}},"22":{"start":{"line":23,"column":0},"end":{"line":23,"column":25}},"23":{"start":{"line":24,"column":0},"end":{"line":24,"column":21}},"24":{"start":{"line":25,"column":0},"end":{"line":25,"column":18}},"25":{"start":{"line":26,"column":0},"end":{"line":26,"column":21}},"26":{"start":{"line":27,"column":0},"end":{"line":27,"column":1}}},"s":{"0":0,"1":0,"2":0,"3":0,"4":0,"5":0,"6":0,"7":0,"8":0,"9":0,"10":0,"11":0,"12":0,"13":0,"14":0,"15":0,"16":0,"17":0,"18":0,"19":0,"20":0,"21":0,"22":0,"23":0,"24":0,"25":0,"26":0},"branchMap":{"0":{"type":"branch","line":1,"loc":{"start":{"line":1,"column":0},"end":{"line":27,"column":1}},"locations":[{"start":{"line":1,"column":0},"end":{"line":27,"column":1}}]}},"b":{"0":[0]},"fnMap":{"0":{"name":"(empty-report)","decl":{"start":{"line":1,"column":0},"end":{"line":27,"column":1}},"loc":{"start":{"line":1,"column":0},"end":{"line":27,"column":1}},"line":1}},"f":{"0":0}}
,"E:\\REACT 2025\\react-manager\\test_utils\\testUtils.tsx": {"path":"E:\\REACT 2025\\react-manager\\test_utils\\testUtils.tsx","all":false,"statementMap":{"0":{"start":{"line":1,"column":0},"end":{"line":1,"column":47}},"1":{"start":{"line":2,"column":0},"end":{"line":2,"column":44}},"2":{"start":{"line":3,"column":0},"end":{"line":3,"column":64}},"4":{"start":{"line":5,"column":0},"end":{"line":5,"column":18}},"5":{"start":{"line":6,"column":0},"end":{"line":6,"column":26}},"6":{"start":{"line":7,"column":0},"end":{"line":7,"column":32}},"7":{"start":{"line":8,"column":0},"end":{"line":8,"column":19}},"8":{"start":{"line":9,"column":0},"end":{"line":9,"column":1}},"10":{"start":{"line":11,"column":0},"end":{"line":11,"column":57}},"11":{"start":{"line":12,"column":0},"end":{"line":12,"column":58}},"12":{"start":{"line":13,"column":0},"end":{"line":13,"column":33}},"13":{"start":{"line":14,"column":0},"end":{"line":14,"column":35}},"14":{"start":{"line":15,"column":0},"end":{"line":15,"column":23}},"15":{"start":{"line":16,"column":0},"end":{"line":16,"column":30}},"16":{"start":{"line":17,"column":0},"end":{"line":17,"column":21}},"17":{"start":{"line":18,"column":0},"end":{"line":18,"column":1}}},"s":{"0":1,"1":1,"2":1,"4":1,"5":1,"6":1,"7":1,"8":1,"10":1,"11":2,"12":2,"13":2,"14":2,"15":2,"16":2,"17":2},"branchMap":{"0":{"type":"branch","line":11,"loc":{"start":{"line":11,"column":30},"end":{"line":18,"column":1}},"locations":[{"start":{"line":11,"column":30},"end":{"line":18,"column":1}}]}},"b":{"0":[2]},"fnMap":{"0":{"name":"renderWithAuth","decl":{"start":{"line":11,"column":30},"end":{"line":18,"column":1}},"loc":{"start":{"line":11,"column":30},"end":{"line":18,"column":1}},"line":11}},"f":{"0":2}}
}
